<?xml version="1.0" encoding="UTF-8"?>
<testng-results ignored="1" total="2" passed="1" failed="0" skipped="0">
  <reporter-output>
  </reporter-output>
  <suite started-at="2025-12-27T19:32:20 IST" name="Default suite" finished-at="2025-12-27T19:32:36 IST" duration-ms="16681">
    <groups>
    </groups>
    <test started-at="2025-12-27T19:32:20 IST" name="Default test" finished-at="2025-12-27T19:32:36 IST" duration-ms="16681">
      <class name="Dec24.FramesTest">
        <test-method is-config="true" signature="setup()[pri:0, instance:Dec24.FramesTest@79079097]" started-at="2025-12-27T19:32:20 IST" name="setup" finished-at="2025-12-27T19:32:26 IST" duration-ms="6035" status="PASS">
          <reporter-output>
          </reporter-output>
        </test-method> <!-- setup -->
        <test-method signature="verifyFrame1()[pri:0, instance:Dec24.FramesTest@79079097]" started-at="2025-12-27T19:32:26 IST" name="verifyFrame1" finished-at="2025-12-27T19:32:36 IST" duration-ms="10213" status="PASS">
          <reporter-output>
          </reporter-output>
        </test-method> <!-- verifyFrame1 -->
        <test-method is-config="true" signature="tearDown()[pri:0, instance:Dec24.FramesTest@79079097]" started-at="2025-12-27T19:32:36 IST" name="tearDown" finished-at="2025-12-27T19:32:36 IST" duration-ms="365" status="PASS">
          <reporter-output>
          </reporter-output>
        </test-method> <!-- tearDown -->
      </class> <!-- Dec24.FramesTest -->
    </test> <!-- Default test -->
  </suite> <!-- Default suite -->
</testng-results>
